Linha Nula:

**********************************
x:
0
0
2
1
2

M:
3 3 0 4 0 
0 3 3 1 4 
0 0 3 4 1 
0 0 0 1 4 
0 0 0 0 0 

b:
4
15
12
9
0

Operações BackwardSub:
x[4] = b[4] / A[24];
x[3] = b[3];
x[3] -= A[19] * x[4];
x[3] /= A[18];
x[2] = b[2];
x[2] -= A[13] * x[3];
x[2] -= A[14] * x[4];
x[2] /= A[12];
x[1] = b[1];
x[1] -= A[7] * x[2];
x[1] -= A[8] * x[3];
x[1] -= A[9] * x[4];
x[1] /= A[6];
x[0] = b[0];
x[0] -= A[1] * x[1];
x[0] -= A[2] * x[2];
x[0] -= A[3] * x[3];
x[0] -= A[4] * x[4];
x[0] /= A[0];

x Calculado:
-nan
-nan
-nan
-nan
-nan

**********************************
x:
3
0
4
4
2

M:
1 0 0 2 2 
0 3 4 2 4 
0 0 3 4 4 
0 0 0 0 0 
0 0 0 0 3 

b:
15
32
36
0
6

Operações BackwardSub:
x[4] = b[4] / A[24];
x[3] = b[3];
x[3] -= A[19] * x[4];
x[3] /= A[18];
x[2] = b[2];
x[2] -= A[13] * x[3];
x[2] -= A[14] * x[4];
x[2] /= A[12];
x[1] = b[1];
x[1] -= A[7] * x[2];
x[1] -= A[8] * x[3];
x[1] -= A[9] * x[4];
x[1] /= A[6];
x[0] = b[0];
x[0] -= A[1] * x[1];
x[0] -= A[2] * x[2];
x[0] -= A[3] * x[3];
x[0] -= A[4] * x[4];
x[0] /= A[0];

x Calculado:
-nan
-nan
-nan
-nan
2.000000

**********************************

Linha Proporcional:

**********************************
x:
3
4
1
3
0

M:
0 3 3 0 0 
0 1 3 2 2 
0 0 2 4 3 
0 0 0 0 4 
0 0 0 0 4 

b:
15
13
14
0
0

Operações BackwardSub:
x[4] = b[4] / A[24];
x[3] = b[3];
x[3] -= A[19] * x[4];
x[3] /= A[18];
x[2] = b[2];
x[2] -= A[13] * x[3];
x[2] -= A[14] * x[4];
x[2] /= A[12];
x[1] = b[1];
x[1] -= A[7] * x[2];
x[1] -= A[8] * x[3];
x[1] -= A[9] * x[4];
x[1] /= A[6];
x[0] = b[0];
x[0] -= A[1] * x[1];
x[0] -= A[2] * x[2];
x[0] -= A[3] * x[3];
x[0] -= A[4] * x[4];
x[0] /= A[0];

x Calculado:
-nan
-nan
-nan
-nan
0.000000

**********************************